[GIN-debug] [WARNING] Creating an Engine instance with the Logger and Recovery middleware already attached.

[GIN-debug] [WARNING] Running in "debug" mode. Switch to "release" mode in production.
 - using env:	export GIN_MODE=release
 - using code:	gin.SetMode(gin.ReleaseMode)

[GIN-debug] GET    /public/*filepath         --> github.com/gin-gonic/gin.(*RouterGroup).createStaticHandler.func1 (4 handlers)
[GIN-debug] HEAD   /public/*filepath         --> github.com/gin-gonic/gin.(*RouterGroup).createStaticHandler.func1 (4 handlers)
[GIN-debug] POST   /api/login                --> test-gonic/controller/auth_controller.Login (4 handlers)
[GIN-debug] GET    /api/user/                --> test-gonic/controller/user_controllers.GetAllUsers (5 handlers)
[GIN-debug] GET    /api/user/paginate        --> test-gonic/controller/user_controllers.GetAllUsersPagination (5 handlers)
[GIN-debug] POST   /api/user                 --> test-gonic/controller/user_controllers.Store (5 handlers)
[GIN-debug] GET    /api/user/:id             --> test-gonic/controller/user_controllers.GetById (5 handlers)
[GIN-debug] PATCH  /api/user/:id             --> test-gonic/controller/user_controllers.UpdateById (5 handlers)
[GIN-debug] DELETE /api/user/:id             --> test-gonic/controller/user_controllers.DeleteById (5 handlers)
[GIN-debug] GET    /api/book/                --> test-gonic/controller/book_controller.GetAllBooks (5 handlers)
[GIN-debug] POST   /api/file/                --> test-gonic/controller/file_controller.HandleUploadFile (5 handlers)
[GIN-debug] POST   /api/file/middleware      --> test-gonic/controller/file_controller.SendStatus (6 handlers)
[GIN-debug] DELETE /api/file/:filename       --> test-gonic/controller/file_controller.HandleRemoveFile (5 handlers)
[GIN-debug] [WARNING] You trusted all proxies, this is NOT safe. We recommend you to set a value.
Please check https://pkg.go.dev/github.com/gin-gonic/gin#readme-don-t-trust-all-proxies for details.
[GIN-debug] Listening and serving HTTP on :8000
